{"/Users/tyeverett/projects/babbage-kvstore/src/LocalKVStore.ts": {"path":"/Users/tyeverett/projects/babbage-kvstore/src/LocalKVStore.ts","statementMap":{"0":{"start":{"line":1,"column":0},"end":{"line":1,"column":154}},"1":{"start":{"line":13,"column":4},"end":{"line":15,"column":5}},"2":{"start":{"line":14,"column":6},"end":{"line":14,"column":null}},"3":{"start":{"line":16,"column":4},"end":{"line":16,"column":null}},"4":{"start":{"line":17,"column":4},"end":{"line":17,"column":null}},"5":{"start":{"line":18,"column":4},"end":{"line":18,"column":null}},"6":{"start":{"line":22,"column":20},"end":{"line":26,"column":6}},"7":{"start":{"line":27,"column":4},"end":{"line":31,"column":5}},"8":{"start":{"line":28,"column":6},"end":{"line":28,"column":null}},"9":{"start":{"line":29,"column":11},"end":{"line":31,"column":5}},"10":{"start":{"line":30,"column":6},"end":{"line":30,"column":null}},"11":{"start":{"line":33,"column":4},"end":{"line":41,"column":5}},"12":{"start":{"line":34,"column":22},"end":{"line":34,"column":95}},"13":{"start":{"line":35,"column":6},"end":{"line":37,"column":7}},"14":{"start":{"line":36,"column":8},"end":{"line":36,"column":null}},"15":{"start":{"line":38,"column":6},"end":{"line":38,"column":null}},"16":{"start":{"line":40,"column":6},"end":{"line":40,"column":null}},"17":{"start":{"line":42,"column":4},"end":{"line":51,"column":5}},"18":{"start":{"line":43,"column":6},"end":{"line":43,"column":null}},"19":{"start":{"line":45,"column":28},"end":{"line":49,"column":8}},"20":{"start":{"line":50,"column":6},"end":{"line":50,"column":null}},"21":{"start":{"line":55,"column":23},"end":{"line":55,"column":51}},"22":{"start":{"line":56,"column":4},"end":{"line":63,"column":5}},"23":{"start":{"line":57,"column":29},"end":{"line":61,"column":8}},"24":{"start":{"line":62,"column":6},"end":{"line":62,"column":null}},"25":{"start":{"line":64,"column":21},"end":{"line":64,"column":46}},"26":{"start":{"line":65,"column":26},"end":{"line":69,"column":null}},"27":{"start":{"line":71,"column":20},"end":{"line":75,"column":6}},"28":{"start":{"line":76,"column":4},"end":{"line":126,"column":5}},"29":{"start":{"line":77,"column":6},"end":{"line":125,"column":7}},"30":{"start":{"line":78,"column":44},"end":{"line":78,"column":46}},"31":{"start":{"line":79,"column":8},"end":{"line":85,"column":9}},"32":{"start":{"line":79,"column":21},"end":{"line":79,"column":22}},"33":{"start":{"line":80,"column":10},"end":{"line":84,"column":null}},"34":{"start":{"line":86,"column":40},"end":{"line":99,"column":10}},"35":{"start":{"line":100,"column":19},"end":{"line":100,"column":69}},"36":{"start":{"line":101,"column":56},"end":{"line":101,"column":58}},"37":{"start":{"line":102,"column":8},"end":{"line":112,"column":9}},"38":{"start":{"line":102,"column":21},"end":{"line":102,"column":22}},"39":{"start":{"line":103,"column":27},"end":{"line":106,"column":null}},"40":{"start":{"line":108,"column":34},"end":{"line":108,"column":60}},"41":{"start":{"line":109,"column":10},"end":{"line":111,"column":null}},"42":{"start":{"line":113,"column":25},"end":{"line":116,"column":10}},"43":{"start":{"line":117,"column":8},"end":{"line":117,"column":null}},"44":{"start":{"line":119,"column":8},"end":{"line":124,"column":9}},"45":{"start":{"line":119,"column":21},"end":{"line":119,"column":22}},"46":{"start":{"line":120,"column":10},"end":{"line":123,"column":null}},"47":{"start":{"line":127,"column":21},"end":{"line":138,"column":6}},"48":{"start":{"line":139,"column":4},"end":{"line":139,"column":null}},"49":{"start":{"line":143,"column":20},"end":{"line":147,"column":6}},"50":{"start":{"line":148,"column":4},"end":{"line":150,"column":5}},"51":{"start":{"line":149,"column":6},"end":{"line":149,"column":12}},"52":{"start":{"line":151,"column":21},"end":{"line":151,"column":46}},"53":{"start":{"line":152,"column":4},"end":{"line":195,"column":5}},"54":{"start":{"line":153,"column":42},"end":{"line":153,"column":44}},"55":{"start":{"line":154,"column":6},"end":{"line":160,"column":7}},"56":{"start":{"line":154,"column":19},"end":{"line":154,"column":20}},"57":{"start":{"line":155,"column":8},"end":{"line":159,"column":null}},"58":{"start":{"line":161,"column":38},"end":{"line":169,"column":8}},"59":{"start":{"line":170,"column":17},"end":{"line":170,"column":67}},"60":{"start":{"line":171,"column":54},"end":{"line":171,"column":56}},"61":{"start":{"line":172,"column":6},"end":{"line":182,"column":7}},"62":{"start":{"line":172,"column":19},"end":{"line":172,"column":20}},"63":{"start":{"line":173,"column":25},"end":{"line":176,"column":null}},"64":{"start":{"line":178,"column":32},"end":{"line":178,"column":58}},"65":{"start":{"line":179,"column":8},"end":{"line":181,"column":null}},"66":{"start":{"line":183,"column":23},"end":{"line":186,"column":8}},"67":{"start":{"line":187,"column":6},"end":{"line":187,"column":null}},"68":{"start":{"line":189,"column":6},"end":{"line":194,"column":7}},"69":{"start":{"line":189,"column":19},"end":{"line":189,"column":20}},"70":{"start":{"line":190,"column":8},"end":{"line":193,"column":null}},"71":{"start":{"line":3,"column":0},"end":{"line":3,"column":21}}},"fnMap":{"0":{"name":"(anonymous_0)","decl":{"start":{"line":8,"column":2},"end":{"line":8,"column":null}},"loc":{"start":{"line":11,"column":18},"end":{"line":19,"column":3}}},"1":{"name":"(anonymous_1)","decl":{"start":{"line":21,"column":2},"end":{"line":21,"column":7}},"loc":{"start":{"line":21,"column":69},"end":{"line":52,"column":3}}},"2":{"name":"(anonymous_2)","decl":{"start":{"line":54,"column":2},"end":{"line":54,"column":7}},"loc":{"start":{"line":54,"column":38},"end":{"line":140,"column":3}}},"3":{"name":"(anonymous_3)","decl":{"start":{"line":142,"column":2},"end":{"line":142,"column":7}},"loc":{"start":{"line":142,"column":26},"end":{"line":196,"column":3}}}},"branchMap":{"0":{"loc":{"start":{"line":9,"column":4},"end":{"line":9,"column":48}},"type":"default-arg","locations":[{"start":{"line":9,"column":30},"end":{"line":9,"column":48}}]},"1":{"loc":{"start":{"line":10,"column":4},"end":{"line":10,"column":31}},"type":"default-arg","locations":[{"start":{"line":10,"column":14},"end":{"line":10,"column":31}}]},"2":{"loc":{"start":{"line":11,"column":4},"end":{"line":11,"column":18}},"type":"default-arg","locations":[{"start":{"line":11,"column":14},"end":{"line":11,"column":18}}]},"3":{"loc":{"start":{"line":13,"column":4},"end":{"line":15,"column":5}},"type":"if","locations":[{"start":{"line":13,"column":4},"end":{"line":15,"column":5}}]},"4":{"loc":{"start":{"line":21,"column":25},"end":{"line":21,"column":69}},"type":"default-arg","locations":[{"start":{"line":21,"column":60},"end":{"line":21,"column":69}}]},"5":{"loc":{"start":{"line":27,"column":4},"end":{"line":31,"column":5}},"type":"if","locations":[{"start":{"line":27,"column":4},"end":{"line":31,"column":5}},{"start":{"line":29,"column":11},"end":{"line":31,"column":5}}]},"6":{"loc":{"start":{"line":29,"column":11},"end":{"line":31,"column":5}},"type":"if","locations":[{"start":{"line":29,"column":11},"end":{"line":31,"column":5}}]},"7":{"loc":{"start":{"line":35,"column":6},"end":{"line":37,"column":7}},"type":"if","locations":[{"start":{"line":35,"column":6},"end":{"line":37,"column":7}}]},"8":{"loc":{"start":{"line":42,"column":4},"end":{"line":51,"column":5}},"type":"if","locations":[{"start":{"line":42,"column":4},"end":{"line":51,"column":5}},{"start":{"line":44,"column":11},"end":{"line":51,"column":5}}]},"9":{"loc":{"start":{"line":56,"column":4},"end":{"line":63,"column":5}},"type":"if","locations":[{"start":{"line":56,"column":4},"end":{"line":63,"column":5}}]},"10":{"loc":{"start":{"line":76,"column":4},"end":{"line":126,"column":5}},"type":"if","locations":[{"start":{"line":76,"column":4},"end":{"line":126,"column":5}}]},"11":{"loc":{"start":{"line":148,"column":4},"end":{"line":150,"column":5}},"type":"if","locations":[{"start":{"line":148,"column":4},"end":{"line":150,"column":5}}]}},"s":{"0":1,"1":24,"2":2,"3":22,"4":22,"5":22,"6":7,"7":7,"8":2,"9":5,"10":1,"11":4,"12":4,"13":3,"14":1,"15":2,"16":2,"17":2,"18":1,"19":1,"20":1,"21":5,"22":5,"23":4,"24":4,"25":5,"26":5,"27":5,"28":5,"29":3,"30":3,"31":3,"32":3,"33":5,"34":3,"35":3,"36":3,"37":3,"38":3,"39":5,"40":5,"41":5,"42":3,"43":2,"44":1,"45":1,"46":2,"47":3,"48":3,"49":3,"50":3,"51":1,"52":2,"53":2,"54":2,"55":2,"56":2,"57":3,"58":2,"59":2,"60":2,"61":2,"62":2,"63":3,"64":3,"65":3,"66":2,"67":1,"68":1,"69":1,"70":1,"71":1},"f":{"0":24,"1":7,"2":5,"3":3},"b":{"0":[1],"1":[0],"2":[3],"3":[2],"4":[6],"5":[2,5],"6":[1],"7":[1],"8":[1,1],"9":[4],"10":[3],"11":[1]}}
}
