TN:
SF:src/LocalKVStore.ts
FN:8,(anonymous_0)
FN:21,(anonymous_1)
FN:54,(anonymous_2)
FN:142,(anonymous_3)
FNF:4
FNH:4
FNDA:24,(anonymous_0)
FNDA:7,(anonymous_1)
FNDA:5,(anonymous_2)
FNDA:3,(anonymous_3)
DA:1,1
DA:3,1
DA:13,24
DA:14,2
DA:16,22
DA:17,22
DA:18,22
DA:22,7
DA:27,7
DA:28,2
DA:29,5
DA:30,1
DA:33,4
DA:34,4
DA:35,3
DA:36,1
DA:38,2
DA:40,2
DA:42,2
DA:43,1
DA:45,1
DA:50,1
DA:55,5
DA:56,5
DA:57,4
DA:62,4
DA:64,5
DA:65,5
DA:71,5
DA:76,5
DA:77,3
DA:78,3
DA:79,3
DA:80,5
DA:86,3
DA:100,3
DA:101,3
DA:102,3
DA:103,5
DA:108,5
DA:109,5
DA:113,3
DA:117,2
DA:119,1
DA:120,2
DA:127,3
DA:139,3
DA:143,3
DA:148,3
DA:149,1
DA:151,2
DA:152,2
DA:153,2
DA:154,2
DA:155,3
DA:161,2
DA:170,2
DA:171,2
DA:172,2
DA:173,3
DA:178,3
DA:179,3
DA:183,2
DA:187,1
DA:189,1
DA:190,1
LF:66
LH:66
BRDA:9,0,0,1
BRDA:10,1,0,0
BRDA:11,2,0,3
BRDA:13,3,0,2
BRDA:21,4,0,6
BRDA:27,5,0,2
BRDA:27,5,1,5
BRDA:29,6,0,1
BRDA:35,7,0,1
BRDA:42,8,0,1
BRDA:42,8,1,1
BRDA:56,9,0,4
BRDA:76,10,0,3
BRDA:148,11,0,1
BRF:14
BRH:13
end_of_record
